0 info it worked if it ends with ok
1 verbose cli [ '/usr/local/bin/node',
1 verbose cli   '/usr/local/bin/npm',
1 verbose cli   'run',
1 verbose cli   'start:hot' ]
2 info using npm@3.10.10
3 info using node@v6.11.3
4 verbose run-script [ 'prestart:hot', 'start:hot', 'poststart:hot' ]
5 info lifecycle ld40@1.0.0~prestart:hot: ld40@1.0.0
6 silly lifecycle ld40@1.0.0~prestart:hot: no script for prestart:hot, continuing
7 info lifecycle ld40@1.0.0~start:hot: ld40@1.0.0
8 verbose lifecycle ld40@1.0.0~start:hot: unsafe-perm in lifecycle true
9 verbose lifecycle ld40@1.0.0~start:hot: PATH: /usr/local/lib/node_modules/npm/bin/node-gyp-bin:/Development/ld40/node_modules/.bin:/usr/local/share/npm/bin:/usr/local/opt/php56/bin:/usr/local/bin:/usr/bin:/bin:/usr/sbin:/sbin:~/pear/bin/phpcs:/opt/X11/bin
10 verbose lifecycle ld40@1.0.0~start:hot: CWD: /Development/ld40
11 silly lifecycle ld40@1.0.0~start:hot: Args: [ '-c', 'webpack-dev-server --colors --watch --hot' ]
12 silly lifecycle ld40@1.0.0~start:hot: Returned: code: 1  signal: null
13 info lifecycle ld40@1.0.0~start:hot: Failed to exec start:hot script
14 verbose stack Error: ld40@1.0.0 start:hot: `webpack-dev-server --colors --watch --hot`
14 verbose stack Exit status 1
14 verbose stack     at EventEmitter.<anonymous> (/usr/local/lib/node_modules/npm/lib/utils/lifecycle.js:255:16)
14 verbose stack     at emitTwo (events.js:106:13)
14 verbose stack     at EventEmitter.emit (events.js:191:7)
14 verbose stack     at ChildProcess.<anonymous> (/usr/local/lib/node_modules/npm/lib/utils/spawn.js:40:14)
14 verbose stack     at emitTwo (events.js:106:13)
14 verbose stack     at ChildProcess.emit (events.js:191:7)
14 verbose stack     at maybeClose (internal/child_process.js:920:16)
14 verbose stack     at Process.ChildProcess._handle.onexit (internal/child_process.js:230:5)
15 verbose pkgid ld40@1.0.0
16 verbose cwd /Development/ld40
17 error Darwin 17.2.0
18 error argv "/usr/local/bin/node" "/usr/local/bin/npm" "run" "start:hot"
19 error node v6.11.3
20 error npm  v3.10.10
21 error code ELIFECYCLE
22 error ld40@1.0.0 start:hot: `webpack-dev-server --colors --watch --hot`
22 error Exit status 1
23 error Failed at the ld40@1.0.0 start:hot script 'webpack-dev-server --colors --watch --hot'.
23 error Make sure you have the latest version of node.js and npm installed.
23 error If you do, this is most likely a problem with the ld40 package,
23 error not with npm itself.
23 error Tell the author that this fails on your system:
23 error     webpack-dev-server --colors --watch --hot
23 error You can get information on how to open an issue for this project with:
23 error     npm bugs ld40
23 error Or if that isn't available, you can get their info via:
23 error     npm owner ls ld40
23 error There is likely additional logging output above.
24 verbose exit [ 1, true ]
